Base path: /Applications/Unity/Unity.app/Contents
Cmd: initializeCompiler
Cmd: compileComputeKernel
  api=14 insize=2863 outsize=48529 ok=1
Cmd: compileComputeKernel
  api=14 insize=5188 outsize=10513 ok=1
Cmd: translateComputeKernel
  api=14 insize=5373 outsize=7541 ok=1
Cmd: compileComputeKernel
  api=14 insize=9421 outsize=9573 ok=1
Cmd: compileComputeKernel
  api=14 insize=9421 outsize=9881 ok=1
Cmd: translateComputeKernel
  api=14 insize=9341 outsize=16101 ok=1
Cmd: compileComputeKernel
  api=14 insize=2953 outsize=785 ok=1
Cmd: translateComputeKernel
  api=14 insize=16637 outsize=31477 ok=1
Cmd: translateComputeKernel
  api=14 insize=1445 outsize=2217 ok=1
Cmd: compileComputeKernel
  api=14 insize=15322 outsize=5753 ok=1
Cmd: compileComputeKernel
  api=14 insize=15322 outsize=7145 ok=1
Cmd: compileComputeKernel
  api=14 insize=15322 outsize=6353 ok=1
Cmd: compileComputeKernel
  api=14 insize=15322 outsize=7745 ok=1
Cmd: compileComputeKernel
  api=14 insize=15322 outsize=7769 ok=1
Cmd: compileComputeKernel
  api=14 insize=15322 outsize=9737 ok=1
Cmd: compileComputeKernel
  api=14 insize=15322 outsize=7973 ok=1
Cmd: compileComputeKernel
  api=14 insize=15322 outsize=9413 ok=1
Cmd: compileComputeKernel
  api=14 insize=15322 outsize=6821 ok=1
Cmd: compileComputeKernel
  api=14 insize=15322 outsize=7517 ok=1
Cmd: compileComputeKernel
  api=14 insize=15322 outsize=8597 ok=1
Cmd: compileComputeKernel
  api=14 insize=15322 outsize=7805 ok=1
Cmd: compileComputeKernel
  api=14 insize=15322 outsize=8813 ok=1
Cmd: compileComputeKernel
  api=14 insize=15322 outsize=8713 ok=1
Cmd: compileComputeKernel
  api=14 insize=15322 outsize=10225 ok=1
Cmd: compileComputeKernel
  api=14 insize=15322 outsize=11885 ok=1
Cmd: compileComputeKernel
  api=14 insize=15322 outsize=11413 ok=1
Cmd: translateComputeKernel
  api=14 insize=5829 outsize=10353 ok=1
Cmd: translateComputeKernel
  api=14 insize=7533 outsize=13833 ok=1
Cmd: translateComputeKernel
  api=14 insize=7089 outsize=12533 ok=1
Cmd: translateComputeKernel
  api=14 insize=8173 outsize=14653 ok=1
Cmd: translateComputeKernel
  api=14 insize=8789 outsize=15893 ok=1
Cmd: translateComputeKernel
  api=14 insize=10449 outsize=19221 ok=1
Cmd: translateComputeKernel
  api=14 insize=9489 outsize=17857 ok=1
Cmd: translateComputeKernel
  api=14 insize=7281 outsize=13521 ok=1
Cmd: translateComputeKernel
  api=14 insize=8673 outsize=16365 ok=1
Cmd: translateComputeKernel
  api=14 insize=7845 outsize=14313 ok=1
Cmd: translateComputeKernel
  api=14 insize=9237 outsize=17153 ok=1
Cmd: translateComputeKernel
  api=14 insize=9277 outsize=17257 ok=1
Cmd: translateComputeKernel
  api=14 insize=11245 outsize=21273 ok=1
Cmd: translateComputeKernel
  api=14 insize=9521 outsize=18289 ok=1
Cmd: translateComputeKernel
  api=14 insize=11489 outsize=22305 ok=1
Cmd: initializeCompiler
Cmd: initializeCompiler
Cmd: initializeCompiler
Cmd: initializeCompiler
Cmd: initializeCompiler
Cmd: initializeCompiler
Cmd: initializeCompiler
Cmd: initializeCompiler
Cmd: initializeCompiler
Cmd: initializeCompiler
Cmd: initializeCompiler
Cmd: initializeCompiler
Cmd: initializeCompiler
Cmd: initializeCompiler
Cmd: initializeCompiler
Cmd: initializeCompiler
Cmd: initializeCompiler
Cmd: initializeCompiler
Cmd: initializeCompiler
Cmd: initializeCompiler
Cmd: initializeCompiler
Cmd: initializeCompiler
Cmd: initializeCompiler
Cmd: initializeCompiler
Cmd: initializeCompiler
Cmd: initializeCompiler
Cmd: initializeCompiler
Cmd: initializeCompiler
Cmd: initializeCompiler
Cmd: initializeCompiler
Cmd: initializeCompiler
Cmd: initializeCompiler
Cmd: initializeCompiler
Cmd: initializeCompiler
Cmd: initializeCompiler
Cmd: initializeCompiler
Cmd: initializeCompiler
Cmd: initializeCompiler
Cmd: initializeCompiler
Cmd: initializeCompiler
Cmd: initializeCompiler
Cmd: initializeCompiler
Cmd: initializeCompiler
Cmd: initializeCompiler
Cmd: initializeCompiler
Cmd: initializeCompiler
Cmd: initializeCompiler
Cmd: initializeCompiler
Cmd: initializeCompiler
Cmd: initializeCompiler
Cmd: initializeCompiler
Cmd: initializeCompiler
Cmd: initializeCompiler
Cmd: initializeCompiler
Cmd: initializeCompiler
Cmd: initializeCompiler
Cmd: initializeCompiler
Cmd: initializeCompiler
Cmd: initializeCompiler
